1550643441224:translate hello
1550643452264:translate this
1550682622797:C 20 4
1550682664018:q
1550682665507:quit
1550682697903:translate hello
1550682707666:C 20 4
1550682717177:L 2 3 4 5
1550685759947:C
1550733015069:a 2 3
1550733301348:C 20 4
1550733316394:L 2 3 2 5
1550733337869:L 2 2 2 4
1550733370746:R 15 1 19 3
1550733375364:Q
1550733377265:qit
1550733378538:quit
1550733525471:C 20 4
1550733533632:L 0 7 0 10
1550733601008:Q
1550733681317:C 29 4
1550733686048:Q
1550733914179:C 5 6
1550733916742:Q
